# JRE version: Java(TM) SE Runtime Environment (8.0_191-b12) (build 1.8.0_191-b12)
# Java VM: Java HotSpot(TM) 64-Bit Server VM (25.191-b12 mixed mode linux-amd64 compressed oops)
Heap:
 PSYoungGen      total 414208K, used 0K [0x00000000d7a00000, 0x00000000f1900000, 0x0000000100000000)
  eden space 405504K, 0% used [0x00000000d7a00000,0x00000000d7a00000,0x00000000f0600000)
  from space 8704K, 0% used [0x00000000f0800000,0x00000000f0800000,0x00000000f1080000)
  to   space 512K, 0% used [0x00000000f1880000,0x00000000f1880000,0x00000000f1900000)
 ParOldGen       total 74752K, used 20589K [0x0000000086e00000, 0x000000008b700000, 0x00000000d7a00000)
  object space 74752K, 27% used [0x0000000086e00000,0x000000008821b7c8,0x000000008b700000)
 Metaspace       used 21438K, capacity 22440K, committed 22656K, reserved 1069056K
  class space    used 2961K, capacity 3185K, committed 3200K, reserved 1048576K
GC Heap History (10 events):
Event: 380,533 GC heap after
Heap after GC invocations=11 (full 1):
 PSYoungGen      total 209920K, used 0K [0x00000000d7a00000, 0x00000000e5480000, 0x0000000100000000)
  eden space 202240K, 0% used [0x00000000d7a00000,0x00000000d7a00000,0x00000000e3f80000)
  from space 7680K, 0% used [0x00000000e4d00000,0x00000000e4d00000,0x00000000e5480000)
  to   space 10752K, 0% used [0x00000000e3f80000,0x00000000e3f80000,0x00000000e4a00000)
 ParOldGen       total 74752K, used 20589K [0x0000000086e00000, 0x000000008b700000, 0x00000000d7a00000)
  object space 74752K, 27% used [0x0000000086e00000,0x000000008821b7c8,0x000000008b700000)
 Metaspace       used 21438K, capacity 22440K, committed 22656K, reserved 1069056K
  class space    used 2961K, capacity 3185K, committed 3200K, reserved 1048576K
}
Event: 385,953 GC heap before
{Heap before GC invocations=12 (full 1):
 PSYoungGen      total 209920K, used 202240K [0x00000000d7a00000, 0x00000000e5480000, 0x0000000100000000)
  eden space 202240K, 100% used [0x00000000d7a00000,0x00000000e3f80000,0x00000000e3f80000)
  from space 7680K, 0% used [0x00000000e4d00000,0x00000000e4d00000,0x00000000e5480000)
  to   space 10752K, 0% used [0x00000000e3f80000,0x00000000e3f80000,0x00000000e4a00000)
 ParOldGen       total 74752K, used 20589K [0x0000000086e00000, 0x000000008b700000, 0x00000000d7a00000)
  object space 74752K, 27% used [0x0000000086e00000,0x000000008821b7c8,0x000000008b700000)
 Metaspace       used 21438K, capacity 22440K, committed 22656K, reserved 1069056K
  class space    used 2961K, capacity 3185K, committed 3200K, reserved 1048576K
Event: 386,639 GC heap after
Heap after GC invocations=12 (full 1):
 PSYoungGen      total 212992K, used 0K [0x00000000d7a00000, 0x00000000eae00000, 0x0000000100000000)
  eden space 202240K, 0% used [0x00000000d7a00000,0x00000000d7a00000,0x00000000e3f80000)
  from space 10752K, 0% used [0x00000000e3f80000,0x00000000e3f80000,0x00000000e4a00000)
  to   space 10240K, 0% used [0x00000000ea400000,0x00000000ea400000,0x00000000eae00000)
 ParOldGen       total 74752K, used 20589K [0x0000000086e00000, 0x000000008b700000, 0x00000000d7a00000)
  object space 74752K, 27% used [0x0000000086e00000,0x000000008821b7c8,0x000000008b700000)
 Metaspace       used 21438K, capacity 22440K, committed 22656K, reserved 1069056K
  class space    used 2961K, capacity 3185K, committed 3200K, reserved 1048576K
}
Event: 386,789 GC heap before
{Heap before GC invocations=13 (full 1):
 PSYoungGen      total 212992K, used 202240K [0x00000000d7a00000, 0x00000000eae00000, 0x0000000100000000)
  eden space 202240K, 100% used [0x00000000d7a00000,0x00000000e3f80000,0x00000000e3f80000)
  from space 10752K, 0% used [0x00000000e3f80000,0x00000000e3f80000,0x00000000e4a00000)
  to   space 10240K, 0% used [0x00000000ea400000,0x00000000ea400000,0x00000000eae00000)
 ParOldGen       total 74752K, used 20589K [0x0000000086e00000, 0x000000008b700000, 0x00000000d7a00000)
  object space 74752K, 27% used [0x0000000086e00000,0x000000008821b7c8,0x000000008b700000)
 Metaspace       used 21438K, capacity 22440K, committed 22656K, reserved 1069056K
  class space    used 2961K, capacity 3185K, committed 3200K, reserved 1048576K
Event: 386,847 GC heap after
Heap after GC invocations=13 (full 1):
 PSYoungGen      total 297984K, used 0K [0x00000000d7a00000, 0x00000000eaa00000, 0x0000000100000000)
  eden space 291840K, 0% used [0x00000000d7a00000,0x00000000d7a00000,0x00000000e9700000)
  from space 6144K, 0% used [0x00000000ea400000,0x00000000ea400000,0x00000000eaa00000)
  to   space 9728K, 0% used [0x00000000e9700000,0x00000000e9700000,0x00000000ea080000)
 ParOldGen       total 74752K, used 20589K [0x0000000086e00000, 0x000000008b700000, 0x00000000d7a00000)
  object space 74752K, 27% used [0x0000000086e00000,0x000000008821b7c8,0x000000008b700000)
 Metaspace       used 21438K, capacity 22440K, committed 22656K, reserved 1069056K
  class space    used 2961K, capacity 3185K, committed 3200K, reserved 1048576K
}
Event: 394,364 GC heap before
{Heap before GC invocations=14 (full 1):
 PSYoungGen      total 297984K, used 291840K [0x00000000d7a00000, 0x00000000eaa00000, 0x0000000100000000)
  eden space 291840K, 100% used [0x00000000d7a00000,0x00000000e9700000,0x00000000e9700000)
  from space 6144K, 0% used [0x00000000ea400000,0x00000000ea400000,0x00000000eaa00000)
  to   space 9728K, 0% used [0x00000000e9700000,0x00000000e9700000,0x00000000ea080000)
 ParOldGen       total 74752K, used 20589K [0x0000000086e00000, 0x000000008b700000, 0x00000000d7a00000)
  object space 74752K, 27% used [0x0000000086e00000,0x000000008821b7c8,0x000000008b700000)
 Metaspace       used 21438K, capacity 22440K, committed 22656K, reserved 1069056K
  class space    used 2961K, capacity 3185K, committed 3200K, reserved 1048576K
Event: 394,497 GC heap after
Heap after GC invocations=14 (full 1):
 PSYoungGen      total 301568K, used 0K [0x00000000d7a00000, 0x00000000f2180000, 0x0000000100000000)
  eden space 291840K, 0% used [0x00000000d7a00000,0x00000000d7a00000,0x00000000e9700000)
  from space 9728K, 0% used [0x00000000e9700000,0x00000000e9700000,0x00000000ea080000)
  to   space 9216K, 0% used [0x00000000f1880000,0x00000000f1880000,0x00000000f2180000)
 ParOldGen       total 74752K, used 20589K [0x0000000086e00000, 0x000000008b700000, 0x00000000d7a00000)
  object space 74752K, 27% used [0x0000000086e00000,0x000000008821b7c8,0x000000008b700000)
 Metaspace       used 21438K, capacity 22440K, committed 22656K, reserved 1069056K
  class space    used 2961K, capacity 3185K, committed 3200K, reserved 1048576K
}
Event: 394,936 GC heap before
{Heap before GC invocations=15 (full 1):
 PSYoungGen      total 301568K, used 291840K [0x00000000d7a00000, 0x00000000f2180000, 0x0000000100000000)
  eden space 291840K, 100% used [0x00000000d7a00000,0x00000000e9700000,0x00000000e9700000)
  from space 9728K, 0% used [0x00000000e9700000,0x00000000e9700000,0x00000000ea080000)
  to   space 9216K, 0% used [0x00000000f1880000,0x00000000f1880000,0x00000000f2180000)
 ParOldGen       total 74752K, used 20589K [0x0000000086e00000, 0x000000008b700000, 0x00000000d7a00000)
  object space 74752K, 27% used [0x0000000086e00000,0x000000008821b7c8,0x000000008b700000)
 Metaspace       used 21438K, capacity 22440K, committed 22656K, reserved 1069056K
  class space    used 2961K, capacity 3185K, committed 3200K, reserved 1048576K
Event: 394,995 GC heap after
Heap after GC invocations=15 (full 1):
 PSYoungGen      total 406016K, used 0K [0x00000000d7a00000, 0x00000000f1900000, 0x0000000100000000)
  eden space 405504K, 0% used [0x00000000d7a00000,0x00000000d7a00000,0x00000000f0600000)
  from space 512K, 0% used [0x00000000f1880000,0x00000000f1880000,0x00000000f1900000)
  to   space 8704K, 0% used [0x00000000f0800000,0x00000000f0800000,0x00000000f1080000)
 ParOldGen       total 74752K, used 20589K [0x0000000086e00000, 0x000000008b700000, 0x00000000d7a00000)
  object space 74752K, 27% used [0x0000000086e00000,0x000000008821b7c8,0x000000008b700000)
 Metaspace       used 21438K, capacity 22440K, committed 22656K, reserved 1069056K
  class space    used 2961K, capacity 3185K, committed 3200K, reserved 1048576K
}
Event: 405,955 GC heap before
{Heap before GC invocations=16 (full 1):
 PSYoungGen      total 406016K, used 405504K [0x00000000d7a00000, 0x00000000f1900000, 0x0000000100000000)
  eden space 405504K, 100% used [0x00000000d7a00000,0x00000000f0600000,0x00000000f0600000)
  from space 512K, 0% used [0x00000000f1880000,0x00000000f1880000,0x00000000f1900000)
  to   space 8704K, 0% used [0x00000000f0800000,0x00000000f0800000,0x00000000f1080000)
 ParOldGen       total 74752K, used 20589K [0x0000000086e00000, 0x000000008b700000, 0x00000000d7a00000)
  object space 74752K, 27% used [0x0000000086e00000,0x000000008821b7c8,0x000000008b700000)
 Metaspace       used 21438K, capacity 22440K, committed 22656K, reserved 1069056K
  class space    used 2961K, capacity 3185K, committed 3200K, reserved 1048576K

